20:27:34.053 skipping bootstrap configuration: could not find or read file: classpath:karate-config.js
20:27:39.843 request:
1 > GET https://comtable.free.beeceptor.com
1 > Accept-Encoding: gzip,deflate
1 > Connection: Keep-Alive
1 > Host: comtable.free.beeceptor.com
1 > User-Agent: Apache-HttpClient/4.5.11 (Java/1.8.0_121)

20:27:41.262 response time in milliseconds: 1416.40
1 < 200
1 < Access-Control-Allow-Origin: *
1 < Connection: keep-alive
1 < Content-Type: application/json
1 < Date: Mon, 13 Sep 2021 14:57:41 GMT
1 < Transfer-Encoding: chunked
1 < Vary: Accept-Encoding
{"ProductCount" :  {"Tracer SC+": "2", "Tracer Ensemble": "5", "PivotThermostat": "8", "Third Party Systems":"10"},
"ProductAvailability" : {"Pivot Thermostat":[1, 2],"Trace 3D Plus": [1, 2],"Common Systems":[2,3],"Third Party Systems":[3,4],"Legacy Systems":[4,6],"Tracer Ensemble":[4,5],"Tracer SC+":[5,6]},
"ControllersCount":  {"Symbio 700":"2","Symbio 800":"3"}}

20:27:41.324 assertion failed: path: $[1], actual: null, expected: {id=1, first_name=Robert, last_name=Schwartz, email=rob23@gmail.com}, reason: actual json-path does not exist
20:27:41.375 skipping bootstrap configuration: could not find or read file: classpath:karate-config.js
20:27:41.381 [print] {
  "APIurl": "#(APIurl)",
  "userName": "#(userName)",
  "password": "#(password)",
  "customerId": "#(customerId)"
}

osniff
1 < X-Frame-Options: DENY
1 < X-XSS-Protection: 1; mode=block
{"id":"5-UUvQsTkfI","accessToken":"eyJhbGciOiJIUzUxMiJ9.eyJpc3MiOiJDb25uZWN0ZWQgU29sdXRpb25zIiwiZXhwIjoxNjMxNzE2MTgzLCJqdGkiOiI1LVVVdlFzVGtmSSJ9.erDSc-omH9mTT8IE1Ja3vjLmO0t8HiMqg6xG0Z00LFpSUHQzhf9Sc6ynuDPCcPK0U8rrwHF9zVPQibHhV-uOTw","accessRefreshToken":"2ba4743b7fcb4758b3fe5bfa17ddde8e","expiresIn":449008,"_links":{"self":{"href":"http://restdev1.tracking.thermoking.com/connected-solutions/GetAuthToken"}}}

20:26:04.317 [print] eyJhbGciOiJIUzUxMiJ9.eyJpc3MiOiJDb25uZWN0ZWQgU29sdXRpb25zIiwiZXhwIjoxNjMxNzE2MTgzLCJqdGkiOiI1LVVVdlFzVGtmSSJ9.erDSc-omH9mTT8IE1Ja3vjLmO0t8HiMqg6xG0Z00LFpSUHQzhf9Sc6ynuDPCcPK0U8rrwHF9zVPQibHhV-uOTw
20:26:04.319 << lock released, cached callonce: read('FridgioAuthToken.feature')
20:26:04.360 [print] eyJhbGciOiJIUzUxMiJ9.eyJpc3MiOiJDb25uZWN0ZWQgU29sdXRpb25zIiwiZXhwIjoxNjMxNzE2MTgzLCJqdGkiOiI1LVVVdlFzVGtmSSJ9.erDSc-omH9mTT8IE1Ja3vjLmO0t8HiMqg6xG0Z00LFpSUHQzhf9Sc6ynuDPCcPK0U8rrwHF9zVPQibHhV-uOTw
20:26:04.361 [print] eyJhbGciOiJIUzUxMiJ9.eyJpc3MiOiJDb25uZWN0ZWQgU29sdXRpb25zIiwiZXhwIjoxNjMxNzE2MTgzLCJqdGkiOiI1LVVVdlFzVGtmSSJ9.erDSc-omH9mTT8IE1Ja3vjLmO0t8HiMqg6xG0Z00LFpSUHQzhf9Sc6ynuDPCcPK0U8rrwHF9zVPQibHhV-uOTw
20:26:04.399 [print] 
20:26:04.406 request:
1 > POST https://restdev1.tracking.thermoking.com/connected-solutions/GetCarrierVehicleList/?externalCarrierId=52D0B083-E9B7-47F6-9BAA-D22951DD1E50
1 > Accept-Encoding: gzip,deflate
1 > Connection: Keep-Alive
1 > Content-Length: 72
1 > Content-Type: application/json; charset=UTF-8
1 > Host: restdev1.tracking.thermoking.com
1 > User-Agent: Apache-HttpClient/4.5.11 (Java/1.8.0_121)
1 > X-External-ID: 5-UUvQsTkfI
1 > X-OAUTH2-Token: eyJhbGciOiJIUzUxMiJ9.eyJpc3MiOiJDb25uZWN0ZWQgU29sdXRpb25zIiwiZXhwIjoxNjMxNzE2MTgzLCJqdGkiOiI1LVVVdlFzVGtmSSJ9.erDSc-omH9mTT8IE1Ja3vjLmO0t8HiMqg6xG0Z00LFpSUHQzhf9Sc6ynuDPCcPK0U8rrwHF9zVPQibHhV-uOTw
{"userName":"webservice.usertp01@demosystem.com","password":"Pass@1234"}

20:26:05.951 response time in milliseconds: 1545.53
1 < 401
1 < Cache-Control: no-cache, no-store, max-age=0, must-revalidate
1 < Connection: keep-alive
1 < Content-Type: application/json;charset=UTF-8
1 < Date: Mon, 13 Sep 2021 14:56:05 GMT
1 < Expires: 0
1 < Pragma: no-cache
1 < Set-Cookie: [AWSALB=lpb4eXQeinGl27PVJU02d7mcXqREKb2gqLP0iQcZ0ByoyGBEgLNlzUJ6pS+i7eujlqDfWr4H5+OauedvmVIpptow2IcWJlo6N1boPY0Asd8uYzXqjM8g2sjaWAeO; Expires=Mon, 20 Sep 2021 14:56:05 GMT; Path=/, AWSALBCORS=lpb4eXQeinGl27PVJU02d7mcXqREKb2gqLP0iQcZ0ByoyGBEgLNlzUJ6pS+i7eujlqDfWr4H5+OauedvmVIpptow2IcWJlo6N1boPY0Asd8uYzXqjM8g2sjaWAeO; Expires=Mon, 20 Sep 2021 14:56:05 GMT; Path=/; SameSite=None; Secure]
1 < Transfer-Encoding: chunked
1 < X-Content-Type-Options: nosniff
1 < X-Frame-Options: DENY
1 < X-XSS-Protection: 1; mode=block
{"timestamp":"2021-09-13T14:56:05.819+0000","status":401,"error":"Unauthorized","message":"Invalid Carrier External Id","path":"/connected-solutions/GetCarrierVehicleList/"}

20:26:05.952 status code was: 401, expected: 200, response time: 1546, url: https://restdev1.tracking.thermoking.com/connected-solutions/GetCarrierVehicleList/?externalCarrierId=52D0B083-E9B7-47F6-9BAA-D22951DD1E50, response: {"path":"/connected-solutions/GetCarrierVehicleList/","error":"Unauthorized","message":"Invalid Carrier External Id","timestamp":"2021-09-13T14:56:05.819+0000","status":401}
