20:27:34.053 skipping bootstrap configuration: could not find or read file: classpath:karate-config.js
20:27:39.845 request:
1 > POST https://restdev1.tracking.thermoking.com/connected-solutions/GetAuthToken/
1 > Accept-Encoding: gzip,deflate
1 > Connection: Keep-Alive
1 > Content-Length: 72
1 > Content-Type: application/json; charset=UTF-8
1 > Host: restdev1.tracking.thermoking.com
1 > User-Agent: Apache-HttpClient/4.5.11 (Java/1.8.0_121)
1 > X-External-ID: 5-UUvQsTkfI
{"userName":"webservice.usertp01@demosystem.com","password":"Pass@1234"}

20:27:41.577 response time in milliseconds: 1731.40
1 < 200
1 < Cache-Control: no-cache, no-store, max-age=0, must-revalidate
1 < Connection: keep-alive
1 < Content-Type: application/json;charset=UTF-8
1 < Date: Mon, 13 Sep 2021 14:57:41 GMT
1 < Expires: 0
1 < Pragma: no-cache
1 < Set-Cookie: [AWSALB=4IG9Ieg2a5V94l4EXvoTvY0r1jwJ0pPrjW1ZxOeyyD1xOGbesioPt8uYv8pVEF6B246wGnyTLXwl7Np8KjHpDdyHAaRuyysRYgBtBhmnp+ZTSkeCnik5V/BVigVX; Expires=Mon, 20 Sep 2021 14:57:41 GMT; Path=/, AWSALBCORS=4IG9Ieg2a5V94l4EXvoTvY0r1jwJ0pPrjW1ZxOeyyD1xOGbesioPt8uYv8pVEF6B246wGnyTLXwl7Np8KjHpDdyHAaRuyysRYgBtBhmnp+ZTSkeCnik5V/BVigVX; Expires=Mon, 20 Sep 2021 14:57:41 GMT; Path=/; SameSite=None; Secure]
1 < Transfer-Encoding: chunked
1 < X-Content-Type-Options: nosniff
1 < X-Frame-Options: DENY
1 < X-XSS-Protection: 1; mode=block
{"id":"5-UUvQsTkfI","accessToken":"eyJhbGciOiJIUzUxMiJ9.eyJpc3MiOiJDb25uZWN0ZWQgU29sdXRpb25zIiwiZXhwIjoxNjMxNzE2MTgzLCJqdGkiOiI1LVVVdlFzVGtmSSJ9.erDSc-omH9mTT8IE1Ja3vjLmO0t8HiMqg6xG0Z00LFpSUHQzhf9Sc6ynuDPCcPK0U8rrwHF9zVPQibHhV-uOTw","accessRefreshToken":"2ba4743b7fcb4758b3fe5bfa17ddde8e","expiresIn":448910,"_links":{"self":{"href":"http://restdev1.tracking.thermoking.com/connected-solutions/GetAuthToken"}}}

20:27:41.579 [print] eyJhbGciOiJIUzUxMiJ9.eyJpc3MiOiJDb25uZWN0ZWQgU29sdXRpb25zIiwiZXhwIjoxNjMxNzE2MTgzLCJqdGkiOiI1LVVVdlFzVGtmSSJ9.erDSc-omH9mTT8IE1Ja3vjLmO0t8HiMqg6xG0Z00LFpSUHQzhf9Sc6ynuDPCcPK0U8rrwHF9zVPQibHhV-uOTw
nlLysFgjWs1ivfK+v/Iaqd6KtaYxyllru67+FPu+7sxOQxYFzap7M1h7HEDZPGMOQLyQgCH9xM44lDPMo8IRoMdA60SL/rbnw; Expires=Mon, 20 Sep 2021 14:56:05 GMT; Path=/; SameSite=None; Secure]
1 < Transfer-Encoding: chunked
1 < X-Content-Type-Options: nosniff
1 < X-Frame-Options: DENY
1 < X-XSS-Protection: 1; mode=block
{"timestamp":"2021-09-13T14:56:05.725+0000","status":401,"error":"Unauthorized","message":"Invalid Carrier External Id","path":"/connected-solutions/StartTrip/"}

20:26:05.900 status code was: 401, expected: 200, response time: 1505, url: https://restdev1.tracking.thermoking.com/connected-solutions/StartTrip/?externalCarrierId=52D0B083-E9B7-47F6-9BAA-D22951DD1E50&vehicleExtId=1100295&scheduledStartTime=2021-05-19+09%3A00%3A00&scheduledDeliveryTime=2021-05-19+09%3A00%3A00&commodity=, response: {"path":"/connected-solutions/StartTrip/","error":"Unauthorized","message":"Invalid Carrier External Id","timestamp":"2021-09-13T14:56:05.725+0000","status":401}
